<?xml version="1.0" encoding="UTF-8"?>
<Site BuildName="Win32-mingw32-make"
	BuildStamp="20220501-1825-Experimental"
	Name="n0miya-laptop"
	Generator="ctest-3.23.1"
	CompilerName="C:/msys64/mingw64/bin/g++.exe"
	CompilerVersion="11.2.0"
	OSName="Windows"
	Hostname="n0miya-laptop"
	OSRelease=" Professional"
	OSVersion=" (Build 22000)"
	OSPlatform="AMD64"
	Is64Bits="1"
	VendorString="GenuineIntel"
	VendorID="Intel Corporation"
	FamilyID="6"
	ModelID="13"
	ProcessorCacheSize="-1"
	NumberOfLogicalCPU="16"
	NumberOfPhysicalCPU="8"
	TotalVirtualMemory="44991"
	TotalPhysicalMemory="32551"
	LogicalProcessorsPerPhysical="2"
	ProcessorClockFrequency="2304"
	>
	<Testing>
		<StartDateTime>May 02 01:25 SE Asia Standard Time</StartDateTime>
		<StartTestTime>1651429549</StartTestTime>
		<TestList/>
		<EndDateTime>May 02 01:25 SE Asia Standard Time</EndDateTime>
		<EndTestTime>1651429549</EndTestTime>
		<ElapsedMinutes>0</ElapsedMinutes>
	</Testing>
</Site>
